<?xml version="1.0" encoding="UTF-8"?>
<!-- Generated by org.testng.reporters.JUnitReportReporter -->
<testsuite skipped="0" hostname="LCE23511" name="TFW_Test.Login_TFW" tests="1" failures="0" timestamp="25 Nov 2019 08:40:05 GMT" time="25.856" errors="0">
  <testcase name="LoginTFW" time="25.856" classname="TFW_Test.Login_TFW"/>
</testsuite> <!-- TFW_Test.Login_TFW -->
