<?xml version="1.0" encoding="UTF-8"?>
<!-- Generated by org.testng.reporters.JUnitReportReporter -->
<testsuite skipped="0" hostname="LCE23511" name="TFW_Test.TFW_Historie" tests="1" failures="0" timestamp="26 Jul 2019 17:03:57 GMT" time="15.821" errors="0">
  <testcase name="LoginTFW" time="15.821" classname="TFW_Test.TFW_Historie"/>
</testsuite> <!-- TFW_Test.TFW_Historie -->
