<?xml version="1.0" encoding="UTF-8"?>
<!-- Generated by org.testng.reporters.JUnitReportReporter -->
<testsuite skipped="0" hostname="LCE23511" name="TFW_Test.OLX_Cautare_Test" tests="1" failures="0" timestamp="25 Nov 2019 12:36:12 GMT" time="23.329" errors="0">
  <testcase name="OLX_Cautare" time="23.329" classname="TFW_Test.OLX_Cautare_Test"/>
</testsuite> <!-- TFW_Test.OLX_Cautare_Test -->
