<?xml version="1.0" encoding="UTF-8"?>
<!-- Generated by org.testng.reporters.JUnitReportReporter -->
<testsuite skipped="0" hostname="LCE23511" name="cucumberOptions.TestRunner" tests="1" failures="0" timestamp="26 Nov 2019 07:59:06 GMT" time="31.080" errors="0">
  <testcase name="feature" time="31.080" classname="cucumberOptions.TestRunner"/>
</testsuite> <!-- cucumberOptions.TestRunner -->
