<?xml version="1.0" encoding="UTF-8"?>
<!-- Generated by org.testng.reporters.JUnitReportReporter -->
<testsuite skipped="0" hostname="LCE23511" name="TFW_Test.Login_MBS" tests="1" failures="0" timestamp="25 Nov 2019 09:36:33 GMT" time="8.157" errors="0">
  <testcase name="Login_MBS" time="8.157" classname="TFW_Test.Login_MBS"/>
</testsuite> <!-- TFW_Test.Login_MBS -->
