<?xml version="1.0" encoding="UTF-8"?>
<!-- Generated by org.testng.reporters.JUnitReportReporter -->
<testsuite skipped="0" hostname="LCE23511" name="TFW_Test.Display_Importeurs" tests="1" failures="0" timestamp="26 Jul 2019 17:03:57 GMT" time="28.163" errors="0">
  <testcase name="Display_Importeurs" time="28.163" classname="TFW_Test.Display_Importeurs"/>
</testsuite> <!-- TFW_Test.Display_Importeurs -->
