<?xml version="1.0" encoding="UTF-8"?>
<!-- Generated by org.testng.reporters.JUnitReportReporter -->
<testsuite skipped="0" hostname="LCE23511" name="TFW_Test.MBS_Login" tests="1" failures="0" timestamp="17 May 2019 14:37:22 GMT" time="10.108" errors="0">
  <testcase name="LoginTFW" time="10.108" classname="TFW_Test.MBS_Login"/>
</testsuite> <!-- TFW_Test.MBS_Login -->
