<?xml version="1.0" encoding="UTF-8"?>
<!-- Generated by org.testng.reporters.JUnitReportReporter -->
<testsuite skipped="0" hostname="LCE23511" name="TFW_Test.OLX_Access_CreeazaCont" tests="1" failures="0" timestamp="25 Nov 2019 11:49:18 GMT" time="33.994" errors="0">
  <testcase name="OLX_Access_CreeazaCont" time="33.994" classname="TFW_Test.OLX_Access_CreeazaCont"/>
</testsuite> <!-- TFW_Test.OLX_Access_CreeazaCont -->
