<?xml version="1.0" encoding="UTF-8"?>
<!-- Generated by org.testng.reporters.JUnitReportReporter -->
<testsuite hostname="LCE23511" failures="0" tests="1" name="TFW_Test.Reporting" time="11.535" errors="0" timestamp="26 Apr 2019 09:46:55 GMT">
  <testcase classname="TFW_Test.Reporting" name="Reporting" time="11.535"/>
</testsuite> <!-- TFW_Test.Reporting -->
