<?xml version="1.0" encoding="UTF-8"?>
<!-- Generated by org.testng.reporters.JUnitReportReporter -->
<testsuite hostname="LCE23511" failures="0" tests="1" name="TFW_Test.Login_TFW" time="0.473" errors="0" timestamp="26 Apr 2019 09:46:55 GMT">
  <testcase classname="TFW_Test.Login_TFW" name="LoginTFW" time="0.473"/>
</testsuite> <!-- TFW_Test.Login_TFW -->
